[18:25:37] [Server thread/INFO]: Starting minecraft server version 1.8.8
[18:25:37] [Server thread/INFO]: Loading properties
[18:25:37] [Server thread/INFO]: Default game type: SURVIVAL
[18:25:37] [Server thread/INFO]: This server is running CraftBukkit version git-PaperSpigot-445 (MC: 1.8.8) (Implementing API version 1.8.8-R0.1-SNAPSHOT)
[18:25:37] [Server thread/INFO]: Spigot Timings: true - Verbose: true - Interval: 5m - Length: 60m
[18:25:37] [Server thread/INFO]: Debug logging is disabled
[18:25:37] [Server thread/INFO]: Server Ping Player Sample Count: 12

[18:25:37] [Server thread/INFO]: Using 4 threads for Netty based IO
[18:25:37] [Server thread/WARN]: java.lang.NoSuchFieldException: modifiers

[18:25:37] [Server thread/WARN]: 	at java.base/java.lang.Class.getDeclaredField(Class.java:2841)

[18:25:37] [Server thread/WARN]: 	at org.github.paperspigot.PaperSpigotConfig.stackableBuckets(PaperSpigotConfig.java:192)

[18:25:37] [Server thread/WARN]: 	at java.base/jdk.internal.reflect.DirectMethodHandleAccessor.invoke(DirectMethodHandleAccessor.java:103)

[18:25:37] [Server thread/WARN]: 	at java.base/java.lang.reflect.Method.invoke(Method.java:580)

[18:25:37] [Server thread/WARN]: 	at org.github.paperspigot.PaperSpigotConfig.readConfig(PaperSpigotConfig.java:84)

[18:25:37] [Server thread/WARN]: 	at org.github.paperspigot.PaperSpigotConfig.init(PaperSpigotConfig.java:62)

[18:25:37] [Server thread/WARN]: 	at net.minecraft.server.v1_8_R3.DedicatedServer.init(DedicatedServer.java:181)

[18:25:37] [Server thread/WARN]: 	at net.minecraft.server.v1_8_R3.MinecraftServer.run(MinecraftServer.java:563)

[18:25:37] [Server thread/WARN]: 	at java.base/java.lang.Thread.run(Thread.java:1575)

[18:25:37] [Server thread/INFO]: Data value allowed items: 
[18:25:37] [Server thread/INFO]: Generating keypair
[18:25:37] [Server thread/INFO]: Starting Minecraft server on *:30067
[18:25:37] [Server thread/INFO]: Using default channel type
[18:25:37] [Server thread/INFO]: Your platform does not provide complete low-level API for accessing direct buffers reliably. Unless explicitly requested, heap buffer will always be preferred to avoid potential system unstability.
[18:25:37] [Server thread/INFO]: Set PluginClassLoader as parallel capable
[18:25:37] [Server thread/INFO]: [BedWars] Loading BedWars v0.2.36.1
[18:25:37] [Server thread/INFO]: [SBA] Loading SBA v1.5.13.7
[18:25:38] [Server thread/WARN]: **** SERVER IS RUNNING IN OFFLINE/INSECURE MODE!
[18:25:38] [Server thread/WARN]: The server will make no attempt to authenticate usernames. Beware.
[18:25:38] [Server thread/WARN]: While this makes the game possible to play without internet access, it also opens up the ability for hackers to connect with any username they choose.
[18:25:38] [Server thread/WARN]: To change this, set "online-mode" to "true" in the server.properties file.
[18:25:38] [Server thread/INFO]: **** Beginning UUID conversion, this may take A LONG time ****
[18:25:38] [Server thread/INFO]: Preparing level "world"
[18:25:38] [Server thread/INFO]: -------- World Settings For [world] --------
[18:25:38] [Server thread/INFO]: Hopper Transfer: 8 Hopper Check: 8 Hopper Amount: 1
[18:25:38] [Server thread/INFO]: Anti X-Ray: true
[18:25:38] [Server thread/INFO]: 	Engine Mode: 1
[18:25:38] [Server thread/INFO]: 	Hidden Blocks: [14, 15, 16, 21, 48, 49, 54, 56, 73, 74, 82, 129, 130]
[18:25:38] [Server thread/INFO]: 	Replace Blocks: [1, 5]
[18:25:38] [Server thread/INFO]: Arrow Despawn Rate: 1200
[18:25:38] [Server thread/INFO]: View Distance: 10
[18:25:38] [Server thread/INFO]: Item Merge Radius: 2.5
[18:25:38] [Server thread/INFO]: Allow Zombie Pigmen to spawn from portal blocks: true
[18:25:38] [Server thread/INFO]: Experience Merge Radius: 3.0
[18:25:38] [Server thread/INFO]: Item Despawn Rate: 6000
[18:25:38] [Server thread/INFO]: Chunks to Grow per Tick: 650
[18:25:38] [Server thread/INFO]: Clear tick list: false
[18:25:38] [Server thread/INFO]: Zombie Aggressive Towards Villager: true
[18:25:38] [Server thread/INFO]: Nerfing mobs spawned from spawners: false
[18:25:38] [Server thread/INFO]: Mob Spawn Range: 4
[18:25:38] [Server thread/INFO]: Entity Activation Range: An 32 / Mo 32 / Mi 16
[18:25:38] [Server thread/INFO]: Cactus Growth Modifier: 100%
[18:25:38] [Server thread/INFO]: Cane Growth Modifier: 100%
[18:25:38] [Server thread/INFO]: Melon Growth Modifier: 100%
[18:25:38] [Server thread/INFO]: Mushroom Growth Modifier: 100%
[18:25:38] [Server thread/INFO]: Pumpkin Growth Modifier: 100%
[18:25:38] [Server thread/INFO]: Sapling Growth Modifier: 100%
[18:25:38] [Server thread/INFO]: Wheat Growth Modifier: 100%
[18:25:38] [Server thread/INFO]: NetherWart Growth Modifier: 100%
[18:25:38] [Server thread/INFO]: Max TNT Explosions: 100
[18:25:38] [Server thread/INFO]: Sending up to 10 chunks per packet
[18:25:38] [Server thread/INFO]: Max Entity Collisions: 8
[18:25:38] [Server thread/INFO]: Tile Max Tick Time: 50ms Entity max Tick Time: 50ms
[18:25:38] [Server thread/INFO]: Random Lighting Updates: false
[18:25:38] [Server thread/INFO]: Structure Info Saving: true
[18:25:38] [Server thread/INFO]: Custom Map Seeds:  Village: 10387312 Feature: 14357617
[18:25:38] [Server thread/INFO]: Entity Tracking Range: Pl 48 / An 48 / Mo 48 / Mi 32 / Other 64
[18:25:38] [Server thread/INFO]: -------- World Settings For [world] --------
[18:25:38] [Server thread/INFO]: Fix TNT cannons: false
[18:25:38] [Server thread/INFO]: Water over lava flow speed: 5
[18:25:38] [Server thread/INFO]: Allow undead horse types to be leashed: false
[18:25:38] [Server thread/INFO]: Squids will spawn between Y: 45.0 and Y: 63.0
[18:25:38] [Server thread/INFO]: Living Entity Despawn Ranges:  Soft: 32 Hard: 128
[18:25:38] [Server thread/INFO]: Max height for cactus growth 3. Max height for reed growth 3
[18:25:38] [Server thread/INFO]: Remove invalid mob spawner tile entities: true
[18:25:38] [Server thread/INFO]: Keep spawn chunk loaded: true
[18:25:38] [Server thread/INFO]: World async lighting: false
[18:25:38] [Server thread/INFO]: WorldServer TickNextTick cap set at 10000
[18:25:38] [Server thread/INFO]: WorldServer TickNextTickList cap always processes redstone: false
[18:25:38] [Server thread/INFO]: Player blocking damage multiplier set to 0.5
[18:25:38] [Server thread/INFO]: -------- World Settings For [world_nether] --------
[18:25:38] [Server thread/INFO]: Hopper Transfer: 8 Hopper Check: 8 Hopper Amount: 1
[18:25:38] [Server thread/INFO]: Anti X-Ray: true
[18:25:38] [Server thread/INFO]: 	Engine Mode: 1
[18:25:38] [Server thread/INFO]: 	Hidden Blocks: [14, 15, 16, 21, 48, 49, 54, 56, 73, 74, 82, 129, 130]
[18:25:38] [Server thread/INFO]: 	Replace Blocks: [1, 5]
[18:25:38] [Server thread/INFO]: Arrow Despawn Rate: 1200
[18:25:38] [Server thread/INFO]: View Distance: 10
[18:25:38] [Server thread/INFO]: Item Merge Radius: 2.5
[18:25:38] [Server thread/INFO]: Allow Zombie Pigmen to spawn from portal blocks: true
[18:25:38] [Server thread/INFO]: Experience Merge Radius: 3.0
[18:25:38] [Server thread/INFO]: Item Despawn Rate: 6000
[18:25:38] [Server thread/INFO]: Chunks to Grow per Tick: 650
[18:25:38] [Server thread/INFO]: Clear tick list: false
[18:25:38] [Server thread/INFO]: Zombie Aggressive Towards Villager: true
[18:25:38] [Server thread/INFO]: Nerfing mobs spawned from spawners: false
[18:25:38] [Server thread/INFO]: Mob Spawn Range: 4
[18:25:38] [Server thread/INFO]: Entity Activation Range: An 32 / Mo 32 / Mi 16
[18:25:38] [Server thread/INFO]: Cactus Growth Modifier: 100%
[18:25:38] [Server thread/INFO]: Cane Growth Modifier: 100%
[18:25:38] [Server thread/INFO]: Melon Growth Modifier: 100%
[18:25:38] [Server thread/INFO]: Mushroom Growth Modifier: 100%
[18:25:38] [Server thread/INFO]: Pumpkin Growth Modifier: 100%
[18:25:38] [Server thread/INFO]: Sapling Growth Modifier: 100%
[18:25:38] [Server thread/INFO]: Wheat Growth Modifier: 100%
[18:25:38] [Server thread/INFO]: NetherWart Growth Modifier: 100%
[18:25:38] [Server thread/INFO]: Max TNT Explosions: 100
[18:25:38] [Server thread/INFO]: Sending up to 10 chunks per packet
[18:25:38] [Server thread/INFO]: Max Entity Collisions: 8
[18:25:38] [Server thread/INFO]: Tile Max Tick Time: 50ms Entity max Tick Time: 50ms
[18:25:38] [Server thread/INFO]: Random Lighting Updates: false
[18:25:38] [Server thread/INFO]: Structure Info Saving: true
[18:25:38] [Server thread/INFO]: Custom Map Seeds:  Village: 10387312 Feature: 14357617
[18:25:38] [Server thread/INFO]: Entity Tracking Range: Pl 48 / An 48 / Mo 48 / Mi 32 / Other 64
[18:25:38] [Server thread/INFO]: -------- World Settings For [world_nether] --------
[18:25:38] [Server thread/INFO]: Fix TNT cannons: false
[18:25:38] [Server thread/INFO]: Water over lava flow speed: 5
[18:25:38] [Server thread/INFO]: Allow undead horse types to be leashed: false
[18:25:38] [Server thread/INFO]: Squids will spawn between Y: 45.0 and Y: 63.0
[18:25:38] [Server thread/INFO]: Living Entity Despawn Ranges:  Soft: 32 Hard: 128
[18:25:38] [Server thread/INFO]: Max height for cactus growth 3. Max height for reed growth 3
[18:25:38] [Server thread/INFO]: Remove invalid mob spawner tile entities: true
[18:25:38] [Server thread/INFO]: Keep spawn chunk loaded: true
[18:25:38] [Server thread/INFO]: World async lighting: false
[18:25:38] [Server thread/INFO]: WorldServer TickNextTick cap set at 10000
[18:25:38] [Server thread/INFO]: WorldServer TickNextTickList cap always processes redstone: false
[18:25:38] [Server thread/INFO]: Player blocking damage multiplier set to 0.5
[18:25:38] [Server thread/INFO]: -------- World Settings For [world_the_end] --------
[18:25:38] [Server thread/INFO]: Hopper Transfer: 8 Hopper Check: 8 Hopper Amount: 1
[18:25:38] [Server thread/INFO]: Anti X-Ray: true
[18:25:38] [Server thread/INFO]: 	Engine Mode: 1
[18:25:38] [Server thread/INFO]: 	Hidden Blocks: [14, 15, 16, 21, 48, 49, 54, 56, 73, 74, 82, 129, 130]
[18:25:38] [Server thread/INFO]: 	Replace Blocks: [1, 5]
[18:25:38] [Server thread/INFO]: Arrow Despawn Rate: 1200
[18:25:38] [Server thread/INFO]: View Distance: 10
[18:25:38] [Server thread/INFO]: Item Merge Radius: 2.5
[18:25:38] [Server thread/INFO]: Allow Zombie Pigmen to spawn from portal blocks: true
[18:25:38] [Server thread/INFO]: Experience Merge Radius: 3.0
[18:25:38] [Server thread/INFO]: Item Despawn Rate: 6000
[18:25:38] [Server thread/INFO]: Chunks to Grow per Tick: 650
[18:25:38] [Server thread/INFO]: Clear tick list: false
[18:25:38] [Server thread/INFO]: Zombie Aggressive Towards Villager: true
[18:25:38] [Server thread/INFO]: Nerfing mobs spawned from spawners: false
[18:25:38] [Server thread/INFO]: Mob Spawn Range: 4
[18:25:38] [Server thread/INFO]: Entity Activation Range: An 32 / Mo 32 / Mi 16
[18:25:38] [Server thread/INFO]: Cactus Growth Modifier: 100%
[18:25:38] [Server thread/INFO]: Cane Growth Modifier: 100%
[18:25:38] [Server thread/INFO]: Melon Growth Modifier: 100%
[18:25:38] [Server thread/INFO]: Mushroom Growth Modifier: 100%
[18:25:38] [Server thread/INFO]: Pumpkin Growth Modifier: 100%
[18:25:38] [Server thread/INFO]: Sapling Growth Modifier: 100%
[18:25:38] [Server thread/INFO]: Wheat Growth Modifier: 100%
[18:25:38] [Server thread/INFO]: NetherWart Growth Modifier: 100%
[18:25:38] [Server thread/INFO]: Max TNT Explosions: 100
[18:25:38] [Server thread/INFO]: Sending up to 10 chunks per packet
[18:25:38] [Server thread/INFO]: Max Entity Collisions: 8
[18:25:38] [Server thread/INFO]: Tile Max Tick Time: 50ms Entity max Tick Time: 50ms
[18:25:38] [Server thread/INFO]: Random Lighting Updates: false
[18:25:38] [Server thread/INFO]: Structure Info Saving: true
[18:25:38] [Server thread/INFO]: Custom Map Seeds:  Village: 10387312 Feature: 14357617
[18:25:38] [Server thread/INFO]: Entity Tracking Range: Pl 48 / An 48 / Mo 48 / Mi 32 / Other 64
[18:25:38] [Server thread/INFO]: -------- World Settings For [world_the_end] --------
[18:25:38] [Server thread/INFO]: Fix TNT cannons: false
[18:25:38] [Server thread/INFO]: Water over lava flow speed: 5
[18:25:38] [Server thread/INFO]: Allow undead horse types to be leashed: false
[18:25:38] [Server thread/INFO]: Squids will spawn between Y: 45.0 and Y: 63.0
[18:25:38] [Server thread/INFO]: Living Entity Despawn Ranges:  Soft: 32 Hard: 128
[18:25:38] [Server thread/INFO]: Max height for cactus growth 3. Max height for reed growth 3
[18:25:38] [Server thread/INFO]: Remove invalid mob spawner tile entities: true
[18:25:38] [Server thread/INFO]: Keep spawn chunk loaded: true
[18:25:38] [Server thread/INFO]: World async lighting: false
[18:25:38] [Server thread/INFO]: WorldServer TickNextTick cap set at 10000
[18:25:38] [Server thread/INFO]: WorldServer TickNextTickList cap always processes redstone: false
[18:25:38] [Server thread/INFO]: Player blocking damage multiplier set to 0.5
[18:25:38] [Server thread/INFO]: Preparing start region for level 0 (Seed: 0)
[18:25:38] [Server thread/INFO]: Preparing start region for level 1 (Seed: -4741345941543433102)
[18:25:39] [Server thread/INFO]: Preparing start region for level 2 (Seed: -4741345941543433102)
[18:25:39] [Server thread/INFO]: [BedWars] Enabling BedWars v0.2.36.1
[18:25:39] [Server thread/INFO]: [BedWars] Successfully loaded messages for BedWars! Language: Français
[18:25:39] [Server thread/INFO]: [BedWars] Loading statistics from YAML-File ...
[18:25:39] [Server thread/WARN]: java.lang.NullPointerException: Cannot invoke "Object.toString()" because "stack" is null

[18:25:39] [Server thread/WARN]: 	at org.screamingsandals.bedwars.lib.sgui.utils.StackParser.parse(StackParser.java:64)

[18:25:39] [Server thread/WARN]: 	at org.screamingsandals.bedwars.lib.sgui.SimpleInventories.generateItem(SimpleInventories.java:707)

[18:25:39] [Server thread/WARN]: 	at org.screamingsandals.bedwars.lib.sgui.SimpleInventories.generateItem(SimpleInventories.java:913)

[18:25:39] [Server thread/WARN]: 	at org.screamingsandals.bedwars.lib.sgui.SimpleInventories.generateData(SimpleInventories.java:324)

[18:25:39] [Server thread/WARN]: 	at org.screamingsandals.bedwars.inventories.ShopInventory.loadNewShop(ShopInventory.java:353)

[18:25:39] [Server thread/WARN]: 	at org.screamingsandals.bedwars.inventories.ShopInventory.<init>(ShopInventory.java:176)

[18:25:39] [Server thread/WARN]: 	at org.screamingsandals.bedwars.Main.onEnable(Main.java:508)

[18:25:39] [Server thread/WARN]: 	at org.bukkit.plugin.java.JavaPlugin.setEnabled(JavaPlugin.java:321)

[18:25:39] [Server thread/WARN]: 	at org.bukkit.plugin.java.JavaPluginLoader.enablePlugin(JavaPluginLoader.java:332)

[18:25:39] [Server thread/WARN]: 	at org.bukkit.plugin.SimplePluginManager.enablePlugin(SimplePluginManager.java:407)

[18:25:39] [Server thread/WARN]: 	at org.bukkit.craftbukkit.v1_8_R3.CraftServer.loadPlugin(CraftServer.java:359)

[18:25:39] [Server thread/WARN]: 	at org.bukkit.craftbukkit.v1_8_R3.CraftServer.enablePlugins(CraftServer.java:318)

[18:25:39] [Server thread/WARN]: 	at net.minecraft.server.v1_8_R3.MinecraftServer.s(MinecraftServer.java:408)

[18:25:39] [Server thread/WARN]: 	at net.minecraft.server.v1_8_R3.MinecraftServer.k(MinecraftServer.java:372)

[18:25:39] [Server thread/WARN]: 	at net.minecraft.server.v1_8_R3.MinecraftServer.a(MinecraftServer.java:327)

[18:25:39] [Server thread/WARN]: 	at net.minecraft.server.v1_8_R3.DedicatedServer.init(DedicatedServer.java:267)

[18:25:39] [Server thread/WARN]: 	at net.minecraft.server.v1_8_R3.MinecraftServer.run(MinecraftServer.java:563)

[18:25:39] [Server thread/WARN]: 	at java.base/java.lang.Thread.run(Thread.java:1575)

[18:25:39] [Server thread/WARN]: Your shop.yml/shop.groovy is wrong! Loading default one instead
[18:25:39] [Server thread/INFO]: [0;36;1m============[0;31;1m===[0;37;1m======  by ScreamingSandals <Misat11, Iamceph, Pronze>[m

[18:25:39] [Server thread/INFO]: [0;36;1m+ Screaming [0;31;1mBed[0;37;1mWars +  [0;33;22mVersion: 0.2.36.1 [0;32;1mFREE[m

[18:25:39] [Server thread/INFO]: [0;36;1m============[0;31;1m===[0;37;1m======  [0;32;1mSTABLE VERSION[m

[18:25:39] [Server thread/INFO]: [0;31;1m[B[0;37;1mW] [0;33;1mYou are using version 1.8! While this version is supported, it is a very old version and some features may not work as expected. Consider upgrading your server.[m

[18:25:39] [Server thread/INFO]: [0;31;1m[B[0;37;1mW] [0;32;1mArena [0;37;1monecube[0;32;1m loaded![m

[18:25:39] [Server thread/INFO]: [0;37;1mEverything is loaded! If you like our work, consider visiting our Patreon! <3[m

[18:25:39] [Server thread/INFO]: [0;37;1mhttps://www.patreon.com/screamingsandals[m

[18:25:39] [Server thread/INFO]: [SBA] Enabling SBA v1.5.13.7
[18:25:39] [Server thread/INFO]: [SBA] SBA initialized using Bedwars 0.2.36.1
[18:25:40] [Thread-5/INFO]: No updates found
[18:25:41] [Thread-6/INFO]: UUID of player Heurazy is 0e7ddcb5-4dc5-31b3-b1c8-6470c424a07f
[18:25:41] [Server thread/INFO]: [SBA] Plugin has finished loading!
[18:25:41] [Server thread/INFO]: [SBA] SBA Initialized on JAVA 23.0.1
[18:25:41] [Server thread/INFO]: [SBA] SBA Commit is on par with 3aa7b47
[18:25:41] [Server thread/INFO]: Server permissions file permissions.yml is empty, ignoring it
[18:25:41] [Server thread/INFO]: Done (3,331s)! For help, type "help" or "?"
[18:25:41] [Server thread/INFO]: Timings Reset
[18:25:41] [Server thread/INFO]: Heurazy[/127.0.0.1:65117] logged in with entity id 40 at ([world]6099.692799127136, 82.0, 1913.2105660088725)
[18:25:46] [Thread-7/INFO]: UUID of player SkyNenncompsegon is f865070f-0a2f-3b93-be7b-a981e2046bcd
[18:25:46] [Server thread/INFO]: SkyNenncompsegon[/127.0.0.1:65129] logged in with entity id 50 at ([world]6006.450321714022, 82.0, 2000.3691450658805)
[18:35:56] [Server thread/INFO]: Heurazy lost connection: Bedwars can't properly transfer player through bungee network. Contact server admin.
[18:35:56] [Server thread/INFO]: Heurazy left the game.
[18:35:56] [Server thread/INFO]: SkyNenncompsegon lost connection: Bedwars can't properly transfer player through bungee network. Contact server admin.
[18:35:56] [Server thread/INFO]: SkyNenncompsegon left the game.
[18:35:56] [Server thread/WARN]: handleDisconnection() called twice
[18:35:56] [Server thread/WARN]: handleDisconnection() called twice
[18:35:56] [Server thread/INFO]: Startup script './start.sh' does not exist! Stopping server.

[18:35:56] [Thread-2/INFO]: Stopping server
